0 info it worked if it ends with ok
1 verbose cli [ '/usr/local/Cellar/node/7.2.1/bin/node',
1 verbose cli   '/usr/local/bin/npm',
1 verbose cli   'run',
1 verbose cli   'lint:css' ]
2 info using npm@4.0.5
3 info using node@v7.2.1
4 verbose run-script [ 'prelint:css', 'lint:css', 'postlint:css' ]
5 info lifecycle @~prelint:css: @
6 silly lifecycle @~prelint:css: no script for prelint:css, continuing
7 info lifecycle @~lint:css: @
8 verbose lifecycle @~lint:css: unsafe-perm in lifecycle true
9 verbose lifecycle @~lint:css: PATH: /usr/local/lib/node_modules/npm/bin/node-gyp-bin:/Users/hideaki/dev/src/github.com/ontheroadjp/Nuts-Calendar/laravel/node_modules/.bin:/home/nobita/workspace/docker-toybox/bin:/usr/local/share:/opt/local/bin:/opt/local/sbin:/usr/local/sbin:/usr/local/bin:/usr/bin:/bin:/usr/sbin:/sbin:/opt/X11/bin:/usr/local/share:/opt/local/bin:/opt/local/sbin:/usr/local/sbin:/Users/hideaki/dotfiles/peco:/Users/hideaki/dev/bin:/Users/hideaki/.composer/vendor/bin:/Users/hideaki/Vagrant/toybox
10 verbose lifecycle @~lint:css: CWD: /Users/hideaki/dev/src/github.com/ontheroadjp/Nuts-Calendar/laravel
11 silly lifecycle @~lint:css: Args: [ '-c',
11 silly lifecycle   'node_modules/stylelint/bin/stylelint.js \'resources/assets/js/**/*.vue\' --syntax scss' ]
12 silly lifecycle @~lint:css: Returned: code: 2  signal: null
13 info lifecycle @~lint:css: Failed to exec lint:css script
14 verbose stack Error: @ lint:css: `node_modules/stylelint/bin/stylelint.js 'resources/assets/js/**/*.vue' --syntax scss`
14 verbose stack Exit status 2
14 verbose stack     at EventEmitter.<anonymous> (/usr/local/lib/node_modules/npm/lib/utils/lifecycle.js:279:16)
14 verbose stack     at emitTwo (events.js:106:13)
14 verbose stack     at EventEmitter.emit (events.js:191:7)
14 verbose stack     at ChildProcess.<anonymous> (/usr/local/lib/node_modules/npm/lib/utils/spawn.js:40:14)
14 verbose stack     at emitTwo (events.js:106:13)
14 verbose stack     at ChildProcess.emit (events.js:191:7)
14 verbose stack     at maybeClose (internal/child_process.js:885:16)
14 verbose stack     at Process.ChildProcess._handle.onexit (internal/child_process.js:226:5)
15 verbose pkgid @
16 verbose cwd /Users/hideaki/dev/src/github.com/ontheroadjp/Nuts-Calendar/laravel
17 error Darwin 15.6.0
18 error argv "/usr/local/Cellar/node/7.2.1/bin/node" "/usr/local/bin/npm" "run" "lint:css"
19 error node v7.2.1
20 error npm  v4.0.5
21 error code ELIFECYCLE
22 error @ lint:css: `node_modules/stylelint/bin/stylelint.js 'resources/assets/js/**/*.vue' --syntax scss`
22 error Exit status 2
23 error Failed at the @ lint:css script 'node_modules/stylelint/bin/stylelint.js 'resources/assets/js/**/*.vue' --syntax scss'.
23 error Make sure you have the latest version of node.js and npm installed.
23 error If you do, this is most likely a problem with the  package,
23 error not with npm itself.
23 error Tell the author that this fails on your system:
23 error     node_modules/stylelint/bin/stylelint.js 'resources/assets/js/**/*.vue' --syntax scss
23 error You can get information on how to open an issue for this project with:
23 error     npm bugs
23 error Or if that isn't available, you can get their info via:
23 error     npm owner ls
23 error There is likely additional logging output above.
24 verbose exit [ 1, true ]
